16:13:48.619 [main] INFO  - ***** Starting Scenario execution *****
16:13:53.325 [main] INFO  - Browser launched and navigated to URL.
16:13:53.351 [main] INFO  - User is on the Home Page
16:13:53.397 [main] INFO  - Hovering over 'More' menu...
16:13:53.909 [main] INFO  - Clicking on 'Used Cars' option...
16:14:02.727 [main] INFO  - Scrolled part 1 for Chennai
16:14:07.754 [main] INFO  - Scrolled part 2 for Chennai
16:14:12.777 [main] INFO  - Scrolled part 3 for Chennai
16:14:17.795 [main] INFO  - Scrolled part 4 for Chennai
16:14:22.824 [main] INFO  - Scrolled part 5 for Chennai
16:14:27.849 [main] INFO  - Scrolled part 6 for Chennai
16:14:32.880 [main] INFO  - Scrolled part 7 for Chennai
16:14:37.909 [main] INFO  - Scrolled part 8 for Chennai
16:14:42.940 [main] INFO  - Scrolled part 9 for Chennai
16:14:47.958 [main] INFO  - Scrolled part 10 for Chennai
16:14:52.985 [main] INFO  - Scrolled part 11 for Chennai
16:14:58.009 [main] INFO  - Scrolled part 12 for Chennai
16:15:07.876 [main] INFO  - Extraction complete for city: Chennai
16:15:07.936 [main] INFO  - Scenario PASSED: Checking Used cars page
16:15:07.938 [main] INFO  - ***** Ending Scenario execution *****
16:15:13.713 [main] INFO  - ***** Starting Scenario execution *****
16:15:21.096 [main] INFO  - Browser launched and navigated to URL.
16:15:21.098 [main] INFO  - User is on the Home Page
16:15:21.101 [main] INFO  - Hovering over 'More' menu...
16:15:21.398 [main] INFO  - Clicking on 'Used Cars' option...
16:15:32.019 [main] INFO  - Scrolled part 1 for Bangalore
16:15:37.043 [main] INFO  - Scrolled part 2 for Bangalore
16:15:42.063 [main] INFO  - Scrolled part 3 for Bangalore
16:15:47.085 [main] INFO  - Scrolled part 4 for Bangalore
16:15:52.102 [main] INFO  - Scrolled part 5 for Bangalore
16:15:57.127 [main] INFO  - Scrolled part 6 for Bangalore
16:16:02.138 [main] INFO  - Scrolled part 7 for Bangalore
16:16:07.151 [main] INFO  - Scrolled part 8 for Bangalore
16:16:12.160 [main] INFO  - Scrolled part 9 for Bangalore
16:16:17.182 [main] INFO  - Scrolled part 10 for Bangalore
16:16:22.204 [main] INFO  - Scrolled part 11 for Bangalore
16:16:27.219 [main] INFO  - Scrolled part 12 for Bangalore
16:16:39.193 [main] INFO  - Extraction complete for city: Bangalore
16:16:39.221 [main] INFO  - Scenario PASSED: Checking Used cars page
16:16:39.223 [main] INFO  - ***** Ending Scenario execution *****
16:16:44.922 [main] INFO  - ***** Starting Scenario execution *****
16:16:52.477 [main] INFO  - Browser launched and navigated to URL.
16:16:52.478 [main] INFO  - User is on the Home Page
16:16:52.479 [main] INFO  - Hovering over 'More' menu...
16:16:52.697 [main] INFO  - Clicking on 'Used Cars' option...
16:17:01.727 [main] INFO  - Scrolled part 1 for Mumbai
16:17:06.742 [main] INFO  - Scrolled part 2 for Mumbai
16:17:11.760 [main] INFO  - Scrolled part 3 for Mumbai
16:17:16.775 [main] INFO  - Scrolled part 4 for Mumbai
16:17:21.790 [main] INFO  - Scrolled part 5 for Mumbai
16:17:26.806 [main] INFO  - Scrolled part 6 for Mumbai
16:17:31.840 [main] INFO  - Scrolled part 7 for Mumbai
16:17:36.860 [main] INFO  - Scrolled part 8 for Mumbai
16:17:41.882 [main] INFO  - Scrolled part 9 for Mumbai
16:17:46.903 [main] INFO  - Scrolled part 10 for Mumbai
16:17:51.920 [main] INFO  - Scrolled part 11 for Mumbai
16:17:56.937 [main] INFO  - Scrolled part 12 for Mumbai
16:18:06.178 [main] INFO  - Extraction complete for city: Mumbai
16:18:06.206 [main] INFO  - Scenario PASSED: Checking Used cars page
16:18:06.206 [main] INFO  - ***** Ending Scenario execution *****
16:29:21.009 [main] INFO  - ***** Starting Scenario execution *****
16:29:28.760 [main] INFO  - Browser launched and navigated to URL.
16:29:28.786 [main] INFO  - User is on the Home Page
16:29:28.884 [main] INFO  - Hovering over 'More' menu...
16:29:29.188 [main] INFO  - Clicking on 'Used Cars' option...
16:29:32.337 [main] INFO  - Starting infinite scroll for Chennai
16:29:52.995 [main] INFO  - Reached the end: 'That's all Folks!!' is visible.
16:30:01.256 [main] INFO  - Extraction complete for city: Chennai
16:30:01.304 [main] INFO  - Scenario PASSED: Checking Used cars page
16:30:01.304 [main] INFO  - ***** Ending Scenario execution *****
16:30:07.929 [main] INFO  - ***** Starting Scenario execution *****
16:30:14.641 [main] INFO  - Browser launched and navigated to URL.
16:30:14.644 [main] INFO  - User is on the Home Page
16:30:14.645 [main] INFO  - Hovering over 'More' menu...
16:30:14.838 [main] INFO  - Clicking on 'Used Cars' option...
16:30:23.107 [main] INFO  - Starting infinite scroll for Bangalore
16:30:23.135 [main] INFO  - Reached the end: 'That's all Folks!!' is visible.
16:30:23.446 [main] INFO  - Extraction complete for city: Bangalore
16:30:23.497 [main] INFO  - Scenario PASSED: Checking Used cars page
16:30:23.500 [main] INFO  - ***** Ending Scenario execution *****
16:30:30.373 [main] INFO  - ***** Starting Scenario execution *****
16:30:35.984 [main] INFO  - Browser launched and navigated to URL.
16:30:35.986 [main] INFO  - User is on the Home Page
16:30:35.987 [main] INFO  - Hovering over 'More' menu...
16:30:36.204 [main] INFO  - Clicking on 'Used Cars' option...
16:30:42.913 [main] INFO  - Starting infinite scroll for Mumbai
16:32:07.255 [main] INFO  - Reached the end: 'That's all Folks!!' is visible.
16:33:04.471 [main] INFO  - Extraction complete for city: Mumbai
16:33:04.500 [main] INFO  - Scenario PASSED: Checking Used cars page
16:33:04.500 [main] INFO  - ***** Ending Scenario execution *****
16:35:32.510 [main] INFO  - ***** Starting Scenario execution *****
16:35:37.473 [main] INFO  - Browser launched and navigated to URL.
16:35:37.491 [main] INFO  - User is on the Home Page
16:35:37.529 [main] INFO  - Hovering over 'More' menu...
16:35:37.835 [main] INFO  - Clicking on 'Used Cars' option...
16:35:40.367 [main] INFO  - Starting infinite scroll for Chennai
16:36:05.081 [main] INFO  - Reached the end: 'That's all Folks!!' is visible.
16:36:17.138 [main] INFO  - Extraction complete for city: Chennai
16:36:17.181 [main] INFO  - Scenario PASSED: Checking Used cars page
16:36:17.181 [main] INFO  - ***** Ending Scenario execution *****
16:36:22.153 [main] INFO  - ***** Starting Scenario execution *****
16:36:28.796 [main] INFO  - Browser launched and navigated to URL.
16:36:28.799 [main] INFO  - User is on the Home Page
16:36:28.802 [main] INFO  - Hovering over 'More' menu...
16:36:29.219 [main] INFO  - Clicking on 'Used Cars' option...
16:36:32.504 [main] INFO  - Starting infinite scroll for Bangalore
16:37:56.705 [main] INFO  - Reached the end: 'That's all Folks!!' is visible.
16:38:57.639 [main] INFO  - Extraction complete for city: Bangalore
16:38:57.669 [main] INFO  - Scenario PASSED: Checking Used cars page
16:38:57.669 [main] INFO  - ***** Ending Scenario execution *****
16:39:06.004 [main] INFO  - ***** Starting Scenario execution *****
16:39:14.619 [main] INFO  - Browser launched and navigated to URL.
16:39:14.623 [main] INFO  - User is on the Home Page
16:39:14.625 [main] INFO  - Hovering over 'More' menu...
16:39:14.906 [main] INFO  - Clicking on 'Used Cars' option...
16:39:19.699 [main] INFO  - Starting infinite scroll for Mumbai
16:41:45.164 [main] INFO  - Reached the end: 'That's all Folks!!' is visible.
16:42:30.594 [main] INFO  - Extraction complete for city: Mumbai
16:42:30.627 [main] INFO  - Scenario PASSED: Checking Used cars page
16:42:30.627 [main] INFO  - ***** Ending Scenario execution *****
16:47:47.690 [main] INFO  - ***** Starting Scenario execution *****
16:47:56.157 [main] INFO  - Browser launched and navigated to URL.
16:47:56.203 [main] INFO  - User is on the Home Page
16:47:56.330 [main] INFO  - Hovering over 'New Bikes' menu...
16:47:57.057 [main] INFO  - Clicking on 'Upcoming Bikes' option...
16:48:00.567 [main] INFO  - Successfully clicked Royal Enfield
16:48:00.695 [main] INFO  - Verifying page header for: Royal Enfield
16:48:05.879 [main] INFO  - Excel generated for Royal Enfield with TimeStamp column.
16:48:05.895 [main] INFO  - Data export completed for: Royal Enfield
16:48:05.895 [main] INFO  - Scenario PASSED: Verify upcoming bikes for different manufacturers
16:48:05.895 [main] INFO  - ***** Ending Scenario execution *****
16:48:12.356 [main] INFO  - ***** Starting Scenario execution *****
16:48:20.595 [main] INFO  - Browser launched and navigated to URL.
16:48:20.595 [main] INFO  - User is on the Home Page
16:48:20.595 [main] INFO  - Hovering over 'New Bikes' menu...
16:48:20.997 [main] INFO  - Clicking on 'Upcoming Bikes' option...
16:48:24.295 [main] INFO  - Successfully clicked Yamaha
16:48:24.374 [main] INFO  - Verifying page header for: Yamaha
16:48:26.234 [main] INFO  - Excel generated for Yamaha with TimeStamp column.
16:48:26.234 [main] INFO  - Data export completed for: Yamaha
16:48:26.262 [main] INFO  - Scenario PASSED: Verify upcoming bikes for different manufacturers
16:48:26.262 [main] INFO  - ***** Ending Scenario execution *****
16:48:31.592 [main] INFO  - ***** Starting Scenario execution *****
16:48:38.912 [main] INFO  - Browser launched and navigated to URL.
16:48:38.912 [main] INFO  - User is on the Home Page
16:48:38.918 [main] INFO  - Hovering over 'New Bikes' menu...
16:48:39.682 [main] INFO  - Clicking on 'Upcoming Bikes' option...
16:48:43.589 [main] INFO  - Successfully clicked TVS
16:48:43.673 [main] INFO  - Verifying page header for: TVS
16:48:44.270 [main] INFO  - Excel generated for TVS with TimeStamp column.
16:48:44.270 [main] INFO  - Data export completed for: TVS
16:48:44.270 [main] INFO  - Scenario PASSED: Verify upcoming bikes for different manufacturers
16:48:44.270 [main] INFO  - ***** Ending Scenario execution *****
16:48:49.282 [main] INFO  - ***** Starting Scenario execution *****
16:48:57.315 [main] INFO  - Browser launched and navigated to URL.
16:48:57.323 [main] INFO  - User is on the Home Page
16:48:57.324 [main] INFO  - Hovering over 'New Bikes' menu...
16:48:57.713 [main] INFO  - Clicking on 'Upcoming Bikes' option...
16:49:01.176 [main] INFO  - Successfully clicked Bajaj
16:49:01.281 [main] INFO  - Verifying page header for: Bajaj
16:49:01.963 [main] INFO  - Excel generated for Bajaj with TimeStamp column.
16:49:01.963 [main] INFO  - Data export completed for: Bajaj
16:49:01.963 [main] INFO  - Scenario PASSED: Verify upcoming bikes for different manufacturers
16:49:01.963 [main] INFO  - ***** Ending Scenario execution *****
16:49:06.945 [main] INFO  - ***** Starting Scenario execution *****
16:49:15.204 [main] INFO  - Browser launched and navigated to URL.
16:49:15.212 [main] INFO  - User is on the Home Page
16:49:15.212 [main] INFO  - Hovering over 'New Bikes' menu...
16:49:15.609 [main] INFO  - Clicking on 'Upcoming Bikes' option...
16:49:18.904 [main] INFO  - Successfully clicked Hero Moto Corp
16:49:18.985 [main] INFO  - Verifying page header for: Hero Moto Corp
16:49:19.588 [main] INFO  - Excel generated for Hero Moto Corp with TimeStamp column.
16:49:19.588 [main] INFO  - Data export completed for: Hero Moto Corp
16:49:19.588 [main] INFO  - Scenario PASSED: Verify upcoming bikes for different manufacturers
16:49:19.604 [main] INFO  - ***** Ending Scenario execution *****
16:49:24.871 [main] INFO  - ***** Starting Scenario execution *****
16:49:32.427 [main] INFO  - Browser launched and navigated to URL.
16:49:32.435 [main] INFO  - User is on the Home Page
16:49:32.440 [main] INFO  - Hovering over 'More' menu...
16:49:32.846 [main] INFO  - Clicking on 'Used Cars' option...
16:49:37.222 [main] INFO  - Starting infinite scroll for Chennai
16:50:02.579 [main] INFO  - Reached the end: 'That's all Folks!!' is visible.
16:50:22.689 [main] INFO  - Extraction complete for city: Chennai
16:50:22.768 [main] INFO  - Scenario PASSED: Checking Used cars page
16:50:22.768 [main] INFO  - ***** Ending Scenario execution *****
16:50:30.806 [main] INFO  - ***** Starting Scenario execution *****
16:50:38.707 [main] INFO  - Browser launched and navigated to URL.
16:50:38.713 [main] INFO  - User is on the Home Page
16:50:38.713 [main] INFO  - Hovering over 'More' menu...
16:50:39.008 [main] INFO  - Clicking on 'Used Cars' option...
16:50:44.896 [main] INFO  - Starting infinite scroll for Bangalore
16:52:10.220 [main] INFO  - Reached the end: 'That's all Folks!!' is visible.
16:54:26.650 [main] INFO  - Extraction complete for city: Bangalore
16:54:26.712 [main] INFO  - Scenario PASSED: Checking Used cars page
16:54:26.712 [main] INFO  - ***** Ending Scenario execution *****
16:54:38.147 [main] INFO  - ***** Starting Scenario execution *****
16:54:48.222 [main] INFO  - Browser launched and navigated to URL.
16:54:48.222 [main] INFO  - User is on the Home Page
16:54:48.236 [main] INFO  - Hovering over 'More' menu...
15:38:12.106 [main] INFO  - ***** Starting Scenario execution *****
15:38:28.743 [main] INFO  - Browser launched and navigated to URL.
15:38:28.765 [main] INFO  - User is on the Home Page
15:38:28.862 [main] INFO  - Hovering over 'New Bikes' menu...
15:38:29.440 [main] INFO  - Clicking on 'Upcoming Bikes' option...
15:38:34.737 [main] INFO  - Successfully clicked Royal Enfield
15:38:35.014 [main] INFO  - Verifying page header for: Royal Enfield
15:38:38.935 [main] INFO  - Excel generated for Royal Enfield with TimeStamp column.
15:38:38.935 [main] INFO  - Data export completed for: Royal Enfield
15:38:38.939 [main] INFO  - Scenario PASSED: Verify upcoming bikes for different manufacturers
15:38:38.939 [main] INFO  - ***** Ending Scenario execution *****
15:38:44.387 [main] INFO  - ***** Starting Scenario execution *****
15:38:44.893 [main] INFO  - ***** Starting Scenario execution *****
15:38:55.835 [main] INFO  - Browser launched and navigated to URL.
15:38:55.840 [main] INFO  - User is on the Home Page
15:38:55.842 [main] INFO  - Hovering over 'New Bikes' menu...
15:38:56.429 [main] INFO  - Clicking on 'Upcoming Bikes' option...
15:38:58.763 [main] INFO  - Browser launched and navigated to URL.
15:38:58.831 [main] INFO  - User is on the Home Page
15:38:59.347 [main] INFO  - Hovering over 'New Bikes' menu...
15:39:00.479 [main] INFO  - Clicking on 'Upcoming Bikes' option...
15:39:03.673 [main] INFO  - Successfully clicked Yamaha
15:39:04.106 [main] INFO  - Verifying page header for: Yamaha
15:39:04.508 [main] INFO  - Successfully clicked Royal Enfield
15:39:04.699 [main] INFO  - Verifying page header for: Royal Enfield
15:39:08.214 [main] INFO  - Excel generated for Yamaha with TimeStamp column.
15:39:08.214 [main] INFO  - Data export completed for: Yamaha
15:39:08.230 [main] INFO  - Scenario PASSED: Verify upcoming bikes for different manufacturers
15:39:08.230 [main] INFO  - ***** Ending Scenario execution *****
15:39:10.900 [main] INFO  - Excel generated for Royal Enfield with TimeStamp column.
15:39:10.900 [main] INFO  - Data export completed for: Royal Enfield
15:39:10.916 [main] INFO  - Scenario PASSED: Verify upcoming bikes for different manufacturers
15:39:10.916 [main] INFO  - ***** Ending Scenario execution *****
15:39:19.592 [main] INFO  - ***** Starting Scenario execution *****
15:39:21.170 [main] INFO  - ***** Starting Scenario execution *****
15:39:26.764 [main] INFO  - Browser launched and navigated to URL.
15:39:26.764 [main] INFO  - User is on the Home Page
15:39:26.766 [main] INFO  - Hovering over 'New Bikes' menu...
15:39:31.590 [main] INFO  - Clicking on 'Upcoming Bikes' option...
15:39:37.914 [main] ERROR - Scenario FAILED: Verify upcoming bikes for different manufacturers
15:39:39.279 [main] INFO  - ***** Ending Scenario execution *****
15:39:42.173 [main] ERROR - Scenario FAILED: Verify upcoming bikes for different manufacturers
15:39:42.542 [main] INFO  - ***** Ending Scenario execution *****
15:39:49.355 [main] INFO  - ***** Starting Scenario execution *****
15:39:50.188 [main] INFO  - ***** Starting Scenario execution *****
15:40:05.231 [main] ERROR - Scenario FAILED: Verify upcoming bikes for different manufacturers
15:40:05.905 [main] ERROR - Scenario FAILED: Verify upcoming bikes for different manufacturers
15:40:06.337 [main] INFO  - ***** Ending Scenario execution *****
15:40:07.143 [main] INFO  - ***** Ending Scenario execution *****
15:40:13.553 [main] INFO  - ***** Starting Scenario execution *****
15:40:13.988 [main] INFO  - ***** Starting Scenario execution *****
15:40:29.542 [main] ERROR - Scenario FAILED: Verify upcoming bikes for different manufacturers
15:40:30.662 [main] INFO  - ***** Ending Scenario execution *****
15:40:30.810 [main] INFO  - Browser launched and navigated to URL.
15:40:30.819 [main] INFO  - User is on the Home Page
15:40:30.822 [main] INFO  - Hovering over 'New Bikes' menu...
15:40:31.262 [main] INFO  - Clicking on 'Upcoming Bikes' option...
15:40:38.874 [main] INFO  - ***** Starting Scenario execution *****
15:40:39.380 [main] INFO  - Successfully clicked Hero Moto Corp
15:40:39.487 [main] INFO  - Verifying page header for: Hero Moto Corp
15:40:40.293 [main] INFO  - Excel generated for Hero Moto Corp with TimeStamp column.
15:40:40.293 [main] INFO  - Data export completed for: Hero Moto Corp
15:40:40.293 [main] INFO  - Scenario PASSED: Verify upcoming bikes for different manufacturers
15:40:40.293 [main] INFO  - ***** Ending Scenario execution *****
15:40:49.806 [main] INFO  - Browser launched and navigated to URL.
15:40:49.806 [main] INFO  - User is on the Home Page
15:40:49.806 [main] INFO  - Hovering over 'New Bikes' menu...
15:40:50.306 [main] INFO  - Clicking on 'Upcoming Bikes' option...
15:40:58.687 [main] INFO  - Successfully clicked Hero Moto Corp
15:40:59.097 [main] INFO  - Verifying page header for: Hero Moto Corp
15:41:00.191 [main] INFO  - Excel generated for Hero Moto Corp with TimeStamp column.
15:41:00.191 [main] INFO  - Data export completed for: Hero Moto Corp
15:41:00.191 [main] INFO  - Scenario PASSED: Verify upcoming bikes for different manufacturers
15:41:00.191 [main] INFO  - ***** Ending Scenario execution *****
16:09:47.723 [main] INFO  - ***** Starting Scenario execution *****
16:10:03.037 [main] INFO  - Browser launched and navigated to URL.
16:10:03.054 [main] INFO  - User is on the Home Page
16:10:03.096 [main] INFO  - Scenario PASSED: Attempt Google login with invalid credentials (intentionally fail)
16:10:03.096 [main] INFO  - ***** Ending Scenario execution *****
22:46:39.158 [main] INFO  - ***** Starting Scenario execution *****
22:47:14.549 [main] INFO  - ***** Starting Scenario execution *****
22:47:31.103 [main] INFO  - Browser launched and navigated to URL.
22:47:31.158 [main] INFO  - User is on the Home Page
22:47:31.336 [main] INFO  - Opening login and clicking Continue with Google...
22:47:31.352 [main] INFO  - Opening Login popup/modal...
22:47:46.695 [main] ERROR - Scenario FAILED: Attempt Google login with invalid credentials (intentionally fail)
22:47:47.649 [main] INFO  - ***** Ending Scenario execution *****
23:00:48.085 [main] INFO  - ***** Starting Scenario execution *****
23:01:02.064 [main] INFO  - Browser launched and navigated to URL.
23:01:02.131 [main] INFO  - User is on the Home Page
23:01:02.247 [main] INFO  - Opening login and clicking Continue with Google...
23:01:02.262 [main] INFO  - Opening Login popup/modal...
23:01:02.809 [main] INFO  - Login UI opened.
23:01:02.809 [main] INFO  - Clicking 'Continue with Google'...
23:01:03.113 [main] INFO  - Waiting for Google login window to open...
23:01:23.450 [main] ERROR - Scenario FAILED: Attempt Google login with invalid credentials
23:01:24.924 [main] INFO  - ***** Ending Scenario execution *****
17:02:41.460 [main] INFO  - ***** Starting Scenario execution *****
17:02:57.054 [main] INFO  - Browser launched and navigated to URL.
17:02:57.107 [main] INFO  - User is on the Home Page
17:02:57.230 [main] INFO  - Opening login and clicking Continue with Google...
17:02:57.245 [main] INFO  - Opening Login popup/modal...
17:02:57.853 [main] INFO  - Login UI opened.
17:02:57.853 [main] INFO  - Clicking 'Continue with Google'...
17:02:58.082 [main] INFO  - Waiting for Google login window to open...
17:03:18.468 [main] ERROR - Scenario FAILED: Attempt Google login with invalid credentials
17:03:19.594 [main] INFO  - ***** Ending Scenario execution *****
17:03:36.953 [main] INFO  - ***** Starting Scenario execution *****
17:03:49.249 [main] INFO  - Browser launched and navigated to URL.
17:03:49.298 [main] INFO  - User is on the Home Page
17:03:49.411 [main] INFO  - Opening login and clicking Continue with Google...
17:03:49.428 [main] INFO  - Opening Login popup/modal...
17:03:49.936 [main] INFO  - Login UI opened.
17:03:49.936 [main] INFO  - Clicking 'Continue with Google'...
17:03:50.301 [main] INFO  - Waiting for Google login window to open...
17:03:58.692 [main] ERROR - Scenario FAILED: Attempt Google login with invalid credentials
08:56:37.507 [main] INFO  - ***** Starting Scenario execution *****
08:56:54.795 [main] INFO  - Browser launched and navigated to URL.
08:56:54.843 [main] INFO  - User is on the Home Page
08:56:54.981 [main] INFO  - Opening login and clicking Continue with Google...
08:56:54.981 [main] INFO  - Opening Login popup/modal...
08:56:55.569 [main] INFO  - Login UI opened.
08:56:55.571 [main] INFO  - Clicking 'Continue with Google'...
08:56:55.815 [main] ERROR - Scenario FAILED: Attempt Google login with invalid credentials
08:56:56.846 [main] INFO  - ***** Ending Scenario execution *****
08:59:29.102 [main] INFO  - ***** Starting Scenario execution *****
08:59:41.527 [main] INFO  - Browser launched and navigated to URL.
08:59:41.580 [main] INFO  - User is on the Home Page
08:59:41.725 [main] INFO  - Opening login and clicking Continue with Google...
08:59:41.741 [main] INFO  - Opening Login popup/modal...
08:59:42.368 [main] INFO  - Login UI opened.
08:59:42.368 [main] INFO  - Clicking 'Continue with Google'...
08:59:42.909 [main] INFO  - Waiting for Google login window to open...
08:59:53.125 [main] ERROR - Scenario FAILED: Attempt Google login with invalid credentials
09:00:00.765 [main] INFO  - ***** Ending Scenario execution *****
09:02:10.589 [main] INFO  - ***** Starting Scenario execution *****
09:02:19.708 [main] INFO  - Browser launched and navigated to URL.
09:02:19.762 [main] INFO  - User is on the Home Page
09:02:19.918 [main] INFO  - Opening login and clicking Continue with Google...
09:02:19.941 [main] INFO  - Opening Login popup/modal...
09:02:29.579 [main] INFO  - Login UI opened.
09:02:29.581 [main] INFO  - Clicking 'Continue with Google'...
09:02:30.086 [main] INFO  - Waiting for Google login window to open...
09:02:32.687 [main] INFO  - Switched to Google window. Title: 
09:02:35.928 [main] ERROR - Scenario FAILED: Attempt Google login with invalid credentials
09:02:36.147 [main] INFO  - ***** Ending Scenario execution *****
09:03:40.691 [main] INFO  - ***** Starting Scenario execution *****
09:03:53.840 [main] INFO  - Browser launched and navigated to URL.
09:03:53.900 [main] INFO  - User is on the Home Page
09:03:54.069 [main] INFO  - Opening login and clicking Continue with Google...
09:03:54.078 [main] INFO  - Opening Login popup/modal...
09:03:54.687 [main] INFO  - Login UI opened.
09:03:54.689 [main] INFO  - Clicking 'Continue with Google'...
09:03:55.219 [main] ERROR - Scenario FAILED: Attempt Google login with invalid credentials
09:03:56.231 [main] INFO  - ***** Ending Scenario execution *****
09:04:14.876 [main] INFO  - ***** Starting Scenario execution *****
09:04:27.806 [main] INFO  - Browser launched and navigated to URL.
09:04:27.859 [main] INFO  - User is on the Home Page
09:04:28.022 [main] INFO  - Opening login and clicking Continue with Google...
09:04:28.046 [main] INFO  - Opening Login popup/modal...
09:04:28.597 [main] INFO  - Login UI opened.
09:04:28.597 [main] INFO  - Clicking 'Continue with Google'...
09:04:29.206 [main] ERROR - Scenario FAILED: Attempt Google login with invalid credentials
09:04:30.113 [main] INFO  - ***** Ending Scenario execution *****
09:04:44.366 [main] INFO  - ***** Starting Scenario execution *****
09:04:55.964 [main] INFO  - Browser launched and navigated to URL.
09:04:56.008 [main] INFO  - User is on the Home Page
09:04:56.147 [main] INFO  - Opening login and clicking Continue with Google...
09:04:56.156 [main] INFO  - Opening Login popup/modal...
09:04:56.814 [main] INFO  - Login UI opened.
09:04:56.814 [main] INFO  - Clicking 'Continue with Google'...
09:04:57.467 [main] INFO  - Waiting for Google login window to open...
09:05:00.998 [main] INFO  - Switched to Google window. Title: 
09:05:04.225 [main] ERROR - Scenario FAILED: Attempt Google login with invalid credentials
09:05:04.459 [main] INFO  - ***** Ending Scenario execution *****
09:10:26.052 [main] INFO  - ***** Starting Scenario execution *****
09:10:44.707 [main] INFO  - Browser launched and navigated to URL.
09:10:44.800 [main] INFO  - User is on the Home Page
09:10:45.015 [main] INFO  - Opening login and clicking Continue with Google...
09:10:45.029 [main] INFO  - Opening Login popup/modal...
09:10:46.127 [main] INFO  - Login UI opened.
09:10:46.127 [main] INFO  - Clicking 'Continue with Google'...
09:10:47.482 [main] INFO  - Waiting for Google login window to open...
09:10:52.531 [main] INFO  - Switched to Google window. Title: Sign in - Google Accounts
09:10:54.380 [main] INFO  - Attempting Google login with email: mytestid@gmail.com
09:10:54.381 [main] INFO  - Entering email on Google...
09:10:55.743 [main] INFO  - Entering password on Google...
09:11:29.201 [main] WARN  - Password field not visible. Google may have blocked automation or email invalid.
09:11:49.330 [main] ERROR - Google login failed as expected. Error: (No explicit error text captured)
09:11:49.386 [main] ERROR - Intentionally failing the scenario after invalid login to capture screenshot & logs.
09:11:49.431 [main] ERROR - Scenario FAILED: Attempt Google login with invalid credentials
09:11:50.761 [main] INFO  - ***** Ending Scenario execution *****
09:14:41.292 [main] INFO  - ***** Starting Scenario execution *****
09:14:52.071 [main] INFO  - Browser launched and navigated to URL.
09:14:52.116 [main] INFO  - User is on the Home Page
09:14:52.264 [main] INFO  - Opening login and clicking Continue with Google...
09:14:52.276 [main] INFO  - Opening Login popup/modal...
09:14:53.443 [main] INFO  - Login UI opened.
09:14:53.443 [main] INFO  - Clicking 'Continue with Google'...
09:14:53.659 [main] INFO  - Waiting for Google login window to open...
09:15:14.183 [main] ERROR - Scenario FAILED: Attempt Google login with invalid credentials
09:15:15.046 [main] INFO  - ***** Ending Scenario execution *****
09:15:33.769 [main] INFO  - ***** Starting Scenario execution *****
09:15:43.936 [main] INFO  - Browser launched and navigated to URL.
09:15:43.993 [main] INFO  - User is on the Home Page
09:15:44.160 [main] INFO  - Opening login and clicking Continue with Google...
09:15:44.175 [main] INFO  - Opening Login popup/modal...
09:15:44.905 [main] INFO  - Login UI opened.
09:15:44.905 [main] INFO  - Clicking 'Continue with Google'...
09:15:45.471 [main] INFO  - Waiting for Google login window to open...
09:15:47.441 [main] INFO  - Switched to Google window. Title: 
09:15:50.264 [main] INFO  - Attempting Google login with email: mytestid@gmail.com
09:15:50.266 [main] INFO  - Entering email on Google...
09:15:51.595 [main] INFO  - Entering password on Google...
09:16:23.407 [main] WARN  - Password field not visible. Google may have blocked automation or email invalid.
09:16:23.447 [main] ERROR - Scenario FAILED: Attempt Google login with invalid credentials
09:16:23.624 [main] INFO  - ***** Ending Scenario execution *****
09:27:23.257 [main] INFO  - ***** Starting Scenario execution *****
09:27:37.164 [main] INFO  - Browser launched and navigated to URL.
09:27:37.194 [main] INFO  - User is on the Home Page
09:27:37.269 [main] INFO  - Opening login and clicking Continue with Google...
09:27:37.275 [main] INFO  - Opening Login popup/modal...
09:27:37.801 [main] INFO  - Login UI opened.
09:27:37.801 [main] INFO  - Clicking 'Continue with Google'...
09:27:38.462 [main] INFO  - Waiting for Google login window to open...
09:27:41.137 [main] INFO  - Switched to Google window. Title: 
09:27:43.998 [main] INFO  - Attempting Google login with email: mytestid@gmail.com
09:27:43.998 [main] INFO  - Entering email on Google...
09:27:45.496 [main] INFO  - Entering password on Google...
09:28:17.542 [main] WARN  - Password field not visible. Google may have blocked automation or email invalid.
09:28:17.583 [main] ERROR - Scenario FAILED: Attempt Google login with invalid credentials
09:28:17.778 [main] INFO  - ***** Ending Scenario execution *****
09:31:03.934 [main] INFO  - ***** Starting Scenario execution *****
09:31:19.459 [main] INFO  - Browser launched and navigated to URL.
09:31:19.506 [main] INFO  - User is on the Home Page
09:31:19.610 [main] INFO  - Hovering over 'New Bikes' menu...
09:31:20.344 [main] INFO  - Clicking on 'Upcoming Bikes' option...
09:31:24.571 [main] INFO  - Successfully clicked Royal Enfield
09:31:24.716 [main] INFO  - Verifying page header for: Royal Enfield
09:31:31.096 [main] INFO  - Excel generated for Royal Enfield with TimeStamp column.
09:31:31.096 [main] INFO  - Data export completed for: Royal Enfield
09:31:31.104 [main] INFO  - Scenario PASSED: Verify upcoming bikes for different manufacturers
09:31:31.104 [main] INFO  - ***** Ending Scenario execution *****
09:31:50.425 [main] INFO  - ***** Starting Scenario execution *****
09:32:01.846 [main] INFO  - Browser launched and navigated to URL.
09:32:01.855 [main] INFO  - User is on the Home Page
09:32:01.855 [main] INFO  - Hovering over 'New Bikes' menu...
09:32:02.282 [main] INFO  - Clicking on 'Upcoming Bikes' option...
09:32:07.626 [main] INFO  - Successfully clicked Yamaha
09:32:07.712 [main] INFO  - Verifying page header for: Yamaha
09:32:10.503 [main] INFO  - Excel generated for Yamaha with TimeStamp column.
09:32:10.503 [main] INFO  - Data export completed for: Yamaha
09:32:10.507 [main] INFO  - Scenario PASSED: Verify upcoming bikes for different manufacturers
09:32:10.507 [main] INFO  - ***** Ending Scenario execution *****
09:32:19.441 [main] INFO  - ***** Starting Scenario execution *****
09:32:29.574 [main] INFO  - Browser launched and navigated to URL.
09:32:29.582 [main] INFO  - User is on the Home Page
09:32:29.598 [main] INFO  - Hovering over 'New Bikes' menu...
09:32:30.080 [main] INFO  - Clicking on 'Upcoming Bikes' option...
09:32:34.239 [main] INFO  - Successfully clicked TVS
09:32:34.338 [main] INFO  - Verifying page header for: TVS
09:32:34.998 [main] INFO  - Excel generated for TVS with TimeStamp column.
09:32:34.998 [main] INFO  - Data export completed for: TVS
09:32:34.998 [main] INFO  - Scenario PASSED: Verify upcoming bikes for different manufacturers
09:32:34.998 [main] INFO  - ***** Ending Scenario execution *****
09:32:42.210 [main] INFO  - ***** Starting Scenario execution *****
09:32:52.242 [main] INFO  - Browser launched and navigated to URL.
09:32:52.242 [main] INFO  - User is on the Home Page
09:32:52.255 [main] INFO  - Hovering over 'New Bikes' menu...
09:32:52.721 [main] INFO  - Clicking on 'Upcoming Bikes' option...
09:32:56.828 [main] INFO  - Successfully clicked Bajaj
09:32:56.975 [main] INFO  - Verifying page header for: Bajaj
09:32:58.156 [main] INFO  - Excel generated for Bajaj with TimeStamp column.
09:32:58.156 [main] INFO  - Data export completed for: Bajaj
09:32:58.156 [main] INFO  - Scenario PASSED: Verify upcoming bikes for different manufacturers
09:32:58.156 [main] INFO  - ***** Ending Scenario execution *****
09:33:29.219 [main] INFO  - ***** Starting Scenario execution *****
09:33:40.339 [main] INFO  - Browser launched and navigated to URL.
09:33:40.339 [main] INFO  - User is on the Home Page
09:33:40.354 [main] INFO  - Hovering over 'New Bikes' menu...
09:33:41.004 [main] INFO  - Clicking on 'Upcoming Bikes' option...
09:33:51.439 [main] INFO  - Successfully clicked Hero Moto Corp
09:33:51.545 [main] INFO  - Verifying page header for: Hero Moto Corp
09:33:52.357 [main] INFO  - Excel generated for Hero Moto Corp with TimeStamp column.
09:33:52.359 [main] INFO  - Data export completed for: Hero Moto Corp
09:33:52.361 [main] INFO  - Scenario PASSED: Verify upcoming bikes for different manufacturers
09:33:52.363 [main] INFO  - ***** Ending Scenario execution *****
09:34:05.346 [main] INFO  - ***** Starting Scenario execution *****
09:34:14.639 [main] INFO  - Browser launched and navigated to URL.
09:34:14.639 [main] INFO  - User is on the Home Page
09:34:14.639 [main] INFO  - Opening login and clicking Continue with Google...
09:34:14.639 [main] INFO  - Opening Login popup/modal...
09:34:15.110 [main] INFO  - Login UI opened.
09:34:15.110 [main] INFO  - Clicking 'Continue with Google'...
09:34:15.545 [main] INFO  - Waiting for Google login window to open...
09:34:17.554 [main] INFO  - Switched to Google window. Title: 
09:34:17.683 [main] INFO  - Attempting Google login with email: mytestid@gmail.com
09:34:17.683 [main] INFO  - Entering email on Google...
09:34:18.861 [main] INFO  - Entering password on Google...
09:34:52.452 [main] WARN  - Password field not visible. Google may have blocked automation or email invalid.
09:34:52.495 [main] ERROR - Scenario FAILED: Attempt Google login with invalid credentials
09:34:52.675 [main] INFO  - ***** Ending Scenario execution *****
09:34:59.121 [main] INFO  - ***** Starting Scenario execution *****
09:35:10.014 [main] INFO  - Browser launched and navigated to URL.
09:35:10.022 [main] INFO  - User is on the Home Page
09:35:10.023 [main] INFO  - Hovering over 'More' menu...
09:35:10.480 [main] INFO  - Clicking on 'Used Cars' option...
09:35:16.360 [main] INFO  - Starting infinite scroll for Chennai
09:35:45.720 [main] INFO  - Reached the end: 'That's all Folks!!' is visible.
09:36:10.375 [main] INFO  - Extraction complete for city: Chennai
09:36:10.485 [main] INFO  - Scenario PASSED: Checking Used cars page
09:36:10.485 [main] INFO  - ***** Ending Scenario execution *****
09:36:20.694 [main] INFO  - ***** Starting Scenario execution *****
09:36:32.646 [main] INFO  - Browser launched and navigated to URL.
09:36:32.650 [main] INFO  - User is on the Home Page
09:36:32.652 [main] INFO  - Hovering over 'More' menu...
09:36:33.065 [main] INFO  - Clicking on 'Used Cars' option...
09:36:40.488 [main] INFO  - Starting infinite scroll for Bangalore
09:38:02.161 [main] INFO  - Reached the end: 'That's all Folks!!' is visible.
09:39:57.257 [main] INFO  - Extraction complete for city: Bangalore
09:39:57.353 [main] INFO  - Scenario PASSED: Checking Used cars page
09:39:57.353 [main] INFO  - ***** Ending Scenario execution *****
09:40:08.690 [main] INFO  - ***** Starting Scenario execution *****
09:40:18.931 [main] INFO  - Browser launched and navigated to URL.
09:40:18.934 [main] INFO  - User is on the Home Page
09:40:18.934 [main] INFO  - Hovering over 'More' menu...
09:40:19.407 [main] INFO  - Clicking on 'Used Cars' option...
09:40:26.258 [main] INFO  - Starting infinite scroll for Mumbai
09:41:54.059 [main] INFO  - Reached the end: 'That's all Folks!!' is visible.
09:44:13.829 [main] INFO  - Extraction complete for city: Mumbai
09:44:13.909 [main] INFO  - Scenario PASSED: Checking Used cars page
09:44:13.909 [main] INFO  - ***** Ending Scenario execution *****
